Build started 29.03.2015 16:47:28.
     1>Project "C:\Users\Иван\Documents\Visual Studio 2013\Projects\TestOpenCV\TestOpenCV\TestOpenCV.vcxproj" on node 2 (Build target(s)).
     1>ClCompile:
         C:\Program Files (x86)\Microsoft Visual Studio 12.0\VC\bin\CL.exe /c /I"C:\Users\Ivan\Documents\Visual Studio 2013\opencv\build\include" /ZI /nologo /W3 /WX- /Od /Ot /Oy- /D WIN32 /D _DEBUG /D _CONSOLE /D _LIB /D _UNICODE /D UNICODE /Gm /EHsc /RTC1 /MDd /GS /fp:precise /Zc:wchar_t /Zc:forScope /Fo"RealeseAAA\\" /Fd"RealeseAAA\vc120.pdb" /Gd /TP /analyze- /errorReport:prompt main.cpp
         main.cpp
     1>c:\users\иван\documents\visual studio 2013\projects\testopencv\testopencv\main.cpp(1): fatal error C1083: Cannot open include file: 'opencv2/opencv.hpp': No such file or directory
     1>Done Building Project "C:\Users\Иван\Documents\Visual Studio 2013\Projects\TestOpenCV\TestOpenCV\TestOpenCV.vcxproj" (Build target(s)) -- FAILED.

Build FAILED.

Time Elapsed 00:00:00.24
